<?xml version="1.0" encoding="UTF-8"?>
<testsuite xmlns:xsi="http://www.w3.org/2001/XMLSchema-instance" xsi:noNamespaceSchemaLocation="https://maven.apache.org/surefire/maven-surefire-plugin/xsd/surefire-test-report-3.0.xsd" version="3.0" name="edu.bu.met.cs665.TestDiagrammingApp" time="0.028" tests="5" errors="0" skipped="0" failures="0">
  <properties>
[...]
</properties>
  <testcase name="testTriangle" classname="edu.bu.met.cs665.TestDiagrammingApp" time="0.005">
    <system-out><![CDATA[Triangle create successfully
Triangle copy successfully
]]></system-out>
  </testcase>
  <testcase name="testHeart" classname="edu.bu.met.cs665.TestDiagrammingApp" time="0.001">
    <system-out><![CDATA[Heart create successfully
Heart copy successfully
]]></system-out>
  </testcase>
  <testcase name="testStar" classname="edu.bu.met.cs665.TestDiagrammingApp" time="0">
    <system-out><![CDATA[Star create successfully
Star copy successfully
]]></system-out>
  </testcase>
  <testcase name="testCircle" classname="edu.bu.met.cs665.TestDiagrammingApp" time="0">
    <system-out><![CDATA[Circle create successfully
Circle copy successfully
]]></system-out>
  </testcase>
  <testcase name="testRectangle" classname="edu.bu.met.cs665.TestDiagrammingApp" time="0">
    <system-out><![CDATA[Rectangle create successfully
Rectangle copy successfully
]]></system-out>
  </testcase>
</testsuite>